TN:
SF:/Users/ksenia/code/verto/src/renderer/App.vue
FNF:0
FNH:0
DA:12,1
DA:18,0
LF:2
LH:1
BRDA:18,0,0,0
BRDA:18,0,1,0
BRF:2
BRH:0
end_of_record
TN:
SF:/Users/ksenia/code/verto/src/renderer/bus/index.js
FN:5,(anonymous_0)
FN:11,(anonymous_1)
FN:20,(anonymous_2)
FN:24,(anonymous_3)
FNF:4
FNH:1
FNDA:1,(anonymous_0)
FNDA:0,(anonymous_1)
FNDA:0,(anonymous_2)
FNDA:0,(anonymous_3)
DA:2,1
DA:6,1
DA:7,1
DA:8,1
DA:9,1
DA:10,1
DA:11,1
DA:12,0
DA:13,0
DA:14,0
DA:15,0
DA:21,0
DA:25,0
LF:13
LH:7
BRDA:7,0,0,1
BRDA:7,0,1,0
BRDA:9,1,0,0
BRDA:9,1,1,1
BRF:4
BRH:2
end_of_record
TN:
SF:/Users/ksenia/code/verto/src/renderer/components/BackupWallet.vue
FN:87,(anonymous_0)
FN:97,(anonymous_1)
FNF:2
FNH:0
FNDA:0,(anonymous_0)
FNDA:0,(anonymous_1)
DA:78,0
DA:88,0
DA:89,0
DA:90,0
DA:94,0
DA:95,0
DA:98,0
DA:99,0
DA:100,0
DA:101,0
DA:102,0
DA:103,0
LF:12
LH:0
BRF:0
BRH:0
end_of_record
TN:
SF:/Users/ksenia/code/verto/src/renderer/components/Blocktopus/AssociateVertoToBlocktopus.vue
FN:29,(anonymous_0)
FN:32,(anonymous_1)
FNF:2
FNH:0
FNDA:0,(anonymous_0)
FNDA:0,(anonymous_1)
DA:13,0
DA:22,0
DA:25,0
DA:26,0
DA:30,0
DA:33,0
DA:34,0
DA:35,0
DA:36,0
DA:37,0
DA:38,0
DA:39,0
DA:40,0
LF:13
LH:0
BRDA:34,0,0,0
BRDA:34,0,1,0
BRDA:34,1,0,0
BRDA:34,1,1,0
BRDA:34,1,2,0
BRDA:35,2,0,0
BRDA:35,2,1,0
BRDA:37,3,0,0
BRDA:37,3,1,0
BRDA:39,4,0,0
BRDA:39,4,1,0
BRF:11
BRH:0
end_of_record
TN:
SF:/Users/ksenia/code/verto/src/renderer/components/Blocktopus/KycAlreadyAssociated.vue
FN:39,(anonymous_0)
FNF:1
FNH:0
FNDA:0,(anonymous_0)
DA:34,0
LF:1
LH:0
BRF:0
BRH:0
end_of_record
TN:
SF:/Users/ksenia/code/verto/src/renderer/components/Blocktopus/Successful.vue
FN:20,(anonymous_0)
FN:22,(anonymous_1)
FNF:2
FNH:0
FNDA:0,(anonymous_0)
FNDA:0,(anonymous_1)
DA:17,0
DA:21,0
DA:22,0
DA:23,0
LF:4
LH:0
BRF:0
BRH:0
end_of_record
TN:
SF:/Users/ksenia/code/verto/src/renderer/components/Blocktopus/Whitelist.vue
FN:28,(anonymous_0)
FN:31,(anonymous_1)
FNF:2
FNH:0
FNDA:0,(anonymous_0)
FNDA:0,(anonymous_1)
DA:13,0
DA:22,0
DA:25,0
DA:29,0
DA:32,0
DA:33,0
DA:34,0
DA:35,0
DA:36,0
DA:37,0
DA:38,0
LF:11
LH:0
BRDA:32,0,0,0
BRDA:32,0,1,0
BRDA:32,1,0,0
BRDA:32,1,1,0
BRDA:32,1,2,0
BRDA:33,2,0,0
BRDA:33,2,1,0
BRDA:35,3,0,0
BRDA:35,3,1,0
BRDA:37,4,0,0
BRDA:37,4,1,0
BRF:11
BRH:0
end_of_record
TN:
SF:/Users/ksenia/code/verto/src/renderer/components/Blocktopus/WhitelistSuccessful.vue
FN:20,(anonymous_0)
FN:22,(anonymous_1)
FNF:2
FNH:0
FNDA:0,(anonymous_0)
FNDA:0,(anonymous_1)
DA:17,0
DA:21,0
DA:22,0
DA:23,0
LF:4
LH:0
BRF:0
BRH:0
end_of_record
TN:
SF:/Users/ksenia/code/verto/src/renderer/components/ChangeVertoPassword.vue
FN:96,(anonymous_0)
FN:117,(anonymous_1)
FNF:2
FNH:0
FNDA:0,(anonymous_0)
FNDA:0,(anonymous_1)
DA:85,0
DA:97,0
DA:98,0
DA:99,0
DA:100,0
DA:101,0
DA:102,0
DA:103,0
DA:104,0
DA:105,0
DA:106,0
DA:108,0
DA:109,0
DA:110,0
DA:112,0
DA:113,0
DA:114,0
DA:115,0
DA:116,0
DA:117,0
DA:118,0
DA:119,0
DA:122,0
DA:125,0
LF:24
LH:0
BRDA:113,0,0,0
BRDA:113,0,1,0
BRDA:113,1,0,0
BRDA:113,1,1,0
BRDA:114,2,0,0
BRDA:114,2,1,0
BRF:6
BRH:0
end_of_record
TN:
SF:/Users/ksenia/code/verto/src/renderer/components/CheckForUpdates.vue
FNF:0
FNH:0
LF:0
LH:0
BRF:0
BRH:0
end_of_record
TN:
SF:/Users/ksenia/code/verto/src/renderer/components/CheckForUpdates/CheckUpdates.vue
FNF:0
FNH:0
LF:0
LH:0
BRF:0
BRH:0
end_of_record
TN:
SF:/Users/ksenia/code/verto/src/renderer/components/CreateVertoPassword.vue
FNF:0
FNH:0
LF:0
LH:0
BRF:0
BRH:0
end_of_record
TN:
SF:/Users/ksenia/code/verto/src/renderer/components/CreateVertoPassword/CreateVertoPassword.vue
FN:109,(anonymous_0)
FN:121,(anonymous_1)
FNF:2
FNH:0
FNDA:0,(anonymous_0)
FNDA:0,(anonymous_1)
DA:100,0
DA:110,0
DA:111,0
DA:112,0
DA:113,0
DA:114,0
DA:115,0
DA:116,0
DA:117,0
DA:118,0
DA:119,0
DA:120,0
DA:121,0
DA:122,0
DA:123,0
DA:126,0
DA:129,0
LF:17
LH:0
BRDA:112,0,0,0
BRDA:112,0,1,0
BRDA:112,1,0,0
BRDA:112,1,1,0
BRDA:113,2,0,0
BRDA:113,2,1,0
BRF:6
BRH:0
end_of_record
TN:
SF:/Users/ksenia/code/verto/src/renderer/components/DownloadVersion.vue
FNF:0
FNH:0
LF:0
LH:0
BRF:0
BRH:0
end_of_record
TN:
SF:/Users/ksenia/code/verto/src/renderer/components/DownloadVersion/NewVersionIsDownloading.vue
FNF:0
FNH:0
LF:0
LH:0
BRF:0
BRH:0
end_of_record
TN:
SF:/Users/ksenia/code/verto/src/renderer/components/Failure.vue
FNF:0
FNH:0
LF:0
LH:0
BRF:0
BRH:0
end_of_record
TN:
SF:/Users/ksenia/code/verto/src/renderer/components/Failure/Failure.vue
FNF:0
FNH:0
DA:28,0
DA:32,0
DA:33,0
DA:34,0
DA:35,0
DA:36,0
DA:37,0
DA:38,0
DA:39,0
DA:40,0
LF:10
LH:0
BRF:0
BRH:0
end_of_record
TN:
SF:/Users/ksenia/code/verto/src/renderer/components/GenerateKey.vue
FNF:0
FNH:0
LF:0
LH:0
BRF:0
BRH:0
end_of_record
TN:
SF:/Users/ksenia/code/verto/src/renderer/components/GenerateKey/GenerateNewKey.vue
FNF:0
FNH:0
DA:44,0
DA:51,0
DA:52,0
DA:53,0
DA:54,0
DA:55,0
DA:57,0
LF:7
LH:0
BRDA:51,0,0,0
BRDA:51,0,1,0
BRF:2
BRH:0
end_of_record
TN:
SF:/Users/ksenia/code/verto/src/renderer/components/GetVtx/BeginGetVtx.vue
FN:62,(anonymous_0)
FNF:1
FNH:0
FNDA:0,(anonymous_0)
DA:28,0
DA:32,0
LF:2
LH:0
BRF:0
BRH:0
end_of_record
TN:
SF:/Users/ksenia/code/verto/src/renderer/components/GetVtx/GetVtx.vue
FN:117,(anonymous_0)
FNF:1
FNH:0
FNDA:0,(anonymous_0)
DA:84,0
DA:98,0
DA:99,0
DA:100,0
DA:101,0
DA:102,0
DA:103,0
DA:104,0
DA:105,0
DA:110,0
DA:117,0
DA:118,0
DA:119,0
DA:120,0
DA:121,0
DA:122,0
DA:124,0
DA:127,0
LF:18
LH:0
BRDA:104,0,0,0
BRDA:104,0,1,0
BRDA:118,1,0,0
BRDA:118,1,1,0
BRDA:119,2,0,0
BRDA:119,2,1,0
BRDA:119,3,0,0
BRDA:119,3,1,0
BRDA:121,4,0,0
BRDA:121,4,1,0
BRDA:121,5,0,0
BRDA:121,5,1,0
BRF:12
BRH:0
end_of_record
TN:
SF:/Users/ksenia/code/verto/src/renderer/components/GetVtx/NotWhitelisted.vue
FN:82,(anonymous_0)
FNF:1
FNH:0
FNDA:0,(anonymous_0)
DA:77,0
LF:1
LH:0
BRF:0
BRH:0
end_of_record
TN:
SF:/Users/ksenia/code/verto/src/renderer/components/GetVtx/PendingCounter.vue
FN:24,(anonymous_0)
FN:29,(anonymous_1)
FN:33,(anonymous_2)
FNF:3
FNH:0
FNDA:0,(anonymous_0)
FNDA:0,(anonymous_1)
FNDA:0,(anonymous_2)
DA:16,0
DA:21,0
DA:25,0
DA:26,0
DA:27,0
DA:28,0
DA:29,0
DA:30,0
DA:31,0
DA:34,0
LF:10
LH:0
BRF:0
BRH:0
end_of_record
TN:
SF:/Users/ksenia/code/verto/src/renderer/components/GetVtx/RequestNativeChainAddress.vue
FN:112,(anonymous_0)
FNF:1
FNH:0
FNDA:0,(anonymous_0)
DA:93,0
DA:111,0
DA:112,0
DA:114,0
DA:115,0
DA:116,0
DA:117,0
DA:121,0
DA:122,0
DA:125,0
DA:127,0
DA:129,0
DA:132,0
DA:133,0
DA:135,0
DA:136,0
DA:137,0
DA:138,0
DA:145,0
DA:146,0
DA:147,0
DA:148,0
DA:150,0
DA:151,0
DA:152,0
DA:153,0
DA:154,0
DA:155,0
DA:156,0
DA:157,0
DA:158,0
DA:163,0
DA:164,0
DA:165,0
LF:34
LH:0
BRDA:114,0,0,0
BRDA:114,0,1,0
BRDA:115,1,0,0
BRDA:115,1,1,0
BRDA:115,2,0,0
BRDA:115,2,1,0
BRDA:117,3,0,0
BRDA:117,3,1,0
BRDA:117,4,0,0
BRDA:117,4,1,0
BRDA:121,5,0,0
BRDA:121,5,1,0
BRDA:125,6,0,0
BRDA:125,6,1,0
BRDA:132,7,0,0
BRDA:132,7,1,0
BRDA:147,8,0,0
BRDA:147,8,1,0
BRDA:150,9,0,0
BRDA:150,9,1,0
BRDA:152,10,0,0
BRDA:152,10,1,0
BRDA:154,11,0,0
BRDA:154,11,1,0
BRF:24
BRH:0
end_of_record
TN:
SF:/Users/ksenia/code/verto/src/renderer/components/GetVtx/TransactionHistory.vue
FN:334,(anonymous_0)
FN:338,(anonymous_1)
FN:379,(anonymous_2)
FN:382,(anonymous_3)
FNF:4
FNH:0
FNDA:0,(anonymous_0)
FNDA:0,(anonymous_1)
FNDA:0,(anonymous_2)
FNDA:0,(anonymous_3)
DA:302,1
DA:303,1
DA:305,1
DA:306,1
DA:310,0
DA:330,0
DA:331,0
DA:335,0
DA:338,0
DA:339,0
DA:340,0
DA:341,0
DA:342,0
DA:343,0
DA:345,0
DA:348,0
DA:351,0
DA:352,0
DA:353,0
DA:354,0
DA:355,0
DA:356,0
DA:357,0
DA:358,0
DA:359,0
DA:360,0
DA:361,0
DA:362,0
DA:366,0
DA:367,0
DA:368,0
DA:370,0
DA:371,0
DA:372,0
DA:376,0
DA:377,0
DA:380,0
DA:383,0
DA:384,0
DA:387,0
DA:394,0
LF:41
LH:4
BRDA:339,0,0,0
BRDA:339,0,1,0
BRDA:340,1,0,0
BRDA:340,1,1,0
BRDA:340,2,0,0
BRDA:340,2,1,0
BRDA:342,3,0,0
BRDA:342,3,1,0
BRDA:342,4,0,0
BRDA:342,4,1,0
BRDA:354,5,0,0
BRDA:354,5,1,0
BRDA:357,6,0,0
BRDA:357,6,1,0
BRDA:357,7,0,0
BRDA:357,7,1,0
BRDA:361,8,0,0
BRDA:361,8,1,0
BRF:18
BRH:0
end_of_record
TN:
SF:/Users/ksenia/code/verto/src/renderer/components/KeepYourKeysSafe.vue
FNF:0
FNH:0
LF:0
LH:0
BRF:0
BRH:0
end_of_record
TN:
SF:/Users/ksenia/code/verto/src/renderer/components/LandingPage.vue
FNF:0
FNH:0
DA:12,2
DA:18,1
DA:19,0
DA:21,1
LF:4
LH:3
BRDA:18,0,0,0
BRDA:18,0,1,1
BRF:2
BRH:1
end_of_record
TN:
SF:/Users/ksenia/code/verto/src/renderer/components/Main.vue
FN:195,(anonymous_0)
FN:251,(anonymous_1)
FN:254,(anonymous_2)
FNF:3
FNH:0
FNDA:0,(anonymous_0)
FNDA:0,(anonymous_1)
FNDA:0,(anonymous_2)
DA:139,1
DA:140,1
DA:142,1
DA:143,1
DA:147,1
DA:185,0
DA:190,0
DA:191,0
DA:192,0
DA:196,0
DA:197,0
DA:200,0
DA:201,0
DA:203,0
DA:204,0
DA:208,0
DA:209,0
DA:210,0
DA:211,0
DA:212,0
DA:213,0
DA:215,0
DA:217,0
DA:219,0
DA:220,0
DA:221,0
DA:225,0
DA:226,0
DA:231,0
DA:232,0
DA:233,0
DA:234,0
DA:236,0
DA:241,0
DA:242,0
DA:243,0
DA:244,0
DA:245,0
DA:248,0
DA:252,0
DA:255,0
DA:256,0
DA:259,0
DA:266,0
DA:267,0
DA:268,0
DA:271,0
DA:272,0
LF:48
LH:5
BRDA:209,0,0,0
BRDA:209,0,1,0
BRDA:243,1,0,0
BRDA:243,1,1,0
BRF:4
BRH:0
end_of_record
TN:
SF:/Users/ksenia/code/verto/src/renderer/components/NewVersionIsAvailable.vue
FNF:0
FNH:0
LF:0
LH:0
BRF:0
BRH:0
end_of_record
TN:
SF:/Users/ksenia/code/verto/src/renderer/components/NewVersionIsAvailable/NewVersionDownload.vue
FNF:0
FNH:0
LF:0
LH:0
BRF:0
BRH:0
end_of_record
TN:
SF:/Users/ksenia/code/verto/src/renderer/components/Settings.vue
FNF:0
FNH:0
LF:0
LH:0
BRF:0
BRH:0
end_of_record
TN:
SF:/Users/ksenia/code/verto/src/renderer/components/Settings/SettingsView.vue
FN:86,(anonymous_0)
FN:90,(anonymous_1)
FN:94,(anonymous_2)
FNF:3
FNH:0
FNDA:0,(anonymous_0)
FNDA:0,(anonymous_1)
FNDA:0,(anonymous_2)
DA:76,0
DA:87,0
DA:88,0
DA:91,0
DA:92,0
DA:95,0
DA:96,0
DA:97,0
LF:8
LH:0
BRF:0
BRH:0
end_of_record
TN:
SF:/Users/ksenia/code/verto/src/renderer/components/SignUpWithGatewayProvider.vue
FNF:0
FNH:0
LF:0
LH:0
BRF:0
BRH:0
end_of_record
TN:
SF:/Users/ksenia/code/verto/src/renderer/components/SignUpWithGatewayProvider/GatewayProvider.vue
FNF:0
FNH:0
DA:58,0
DA:64,0
DA:65,0
DA:66,0
LF:4
LH:0
BRF:0
BRH:0
end_of_record
TN:
SF:/Users/ksenia/code/verto/src/renderer/components/StoreKeys.vue
FNF:0
FNH:0
LF:0
LH:0
BRF:0
BRH:0
end_of_record
TN:
SF:/Users/ksenia/code/verto/src/renderer/components/StoreKeys/StoreUserKey.vue
FN:185,(anonymous_0)
FNF:1
FNH:0
FNDA:0,(anonymous_0)
DA:164,0
DA:180,0
DA:184,0
DA:185,0
DA:186,0
DA:187,0
DA:188,0
DA:192,0
DA:193,0
DA:195,0
DA:199,0
DA:200,0
DA:201,0
DA:202,0
DA:203,0
DA:204,0
DA:210,0
DA:214,0
DA:215,0
DA:216,0
DA:217,0
DA:218,0
DA:219,0
DA:221,0
DA:223,0
DA:228,0
DA:229,0
DA:231,0
LF:28
LH:0
BRDA:192,0,0,0
BRDA:192,0,1,0
BRDA:199,1,0,0
BRDA:199,1,1,0
BRDA:200,2,0,0
BRDA:200,2,1,0
BRDA:202,3,0,0
BRDA:202,3,1,0
BRDA:214,4,0,0
BRDA:214,4,1,0
BRDA:218,5,0,0
BRDA:218,5,1,0
BRDA:228,6,0,0
BRDA:228,6,1,0
BRF:14
BRH:0
end_of_record
TN:
SF:/Users/ksenia/code/verto/src/renderer/components/Success.vue
FNF:0
FNH:0
DA:11,0
DA:15,0
DA:16,0
DA:17,0
DA:18,0
DA:19,0
DA:20,0
DA:21,0
DA:22,0
DA:23,0
DA:24,0
LF:11
LH:0
BRF:0
BRH:0
end_of_record
TN:
SF:/Users/ksenia/code/verto/src/renderer/components/TermsConditions.vue
FNF:0
FNH:0
DA:51,0
LF:1
LH:0
BRF:0
BRH:0
end_of_record
TN:
SF:/Users/ksenia/code/verto/src/renderer/components/TransactionDetails.vue
FNF:0
FNH:0
LF:0
LH:0
BRF:0
BRH:0
end_of_record
TN:
SF:/Users/ksenia/code/verto/src/renderer/components/TransactionDetails/ViewTransactionDetails.vue
FN:81,(anonymous_0)
FN:82,(anonymous_1)
FNF:2
FNH:0
FNDA:0,(anonymous_0)
FNDA:0,(anonymous_1)
DA:81,0
DA:82,0
LF:2
LH:0
BRF:0
BRH:0
end_of_record
TN:
SF:/Users/ksenia/code/verto/src/renderer/components/UserCredentials.vue
FNF:0
FNH:0
LF:0
LH:0
BRF:0
BRH:0
end_of_record
TN:
SF:/Users/ksenia/code/verto/src/renderer/components/UserCredentials/UserSignUp.vue
FNF:0
FNH:0
DA:40,0
DA:45,0
DA:49,0
LF:3
LH:0
BRF:0
BRH:0
end_of_record
TN:
SF:/Users/ksenia/code/verto/src/renderer/components/VenueAssignAddress.vue
FN:44,(anonymous_0)
FN:48,(anonymous_1)
FN:52,(anonymous_2)
FNF:3
FNH:0
FNDA:0,(anonymous_0)
FNDA:0,(anonymous_1)
FNDA:0,(anonymous_2)
DA:35,0
DA:45,0
DA:46,0
DA:49,0
DA:50,0
DA:53,0
DA:54,0
DA:55,0
LF:8
LH:0
BRF:0
BRH:0
end_of_record
TN:
SF:/Users/ksenia/code/verto/src/renderer/components/Vespucci/Open.vue
FN:29,(anonymous_0)
FN:32,(anonymous_1)
FNF:2
FNH:0
FNDA:0,(anonymous_0)
FNDA:0,(anonymous_1)
DA:13,0
DA:22,0
DA:25,0
DA:26,0
DA:30,0
DA:33,0
LF:6
LH:0
BRF:0
BRH:0
end_of_record
TN:
SF:/Users/ksenia/code/verto/src/renderer/components/WalletManager/ChoosePassword.vue
FN:153,(anonymous_0)
FNF:1
FNH:0
FNDA:0,(anonymous_0)
DA:132,0
DA:152,0
DA:153,0
DA:154,0
DA:155,0
DA:156,0
DA:161,0
DA:162,0
DA:163,0
DA:164,0
DA:165,0
DA:166,0
DA:167,0
DA:168,0
DA:169,0
DA:171,0
DA:172,0
DA:173,0
DA:174,0
DA:175,0
DA:176,0
DA:177,0
DA:178,0
DA:179,0
DA:180,0
DA:182,0
DA:183,0
DA:186,0
DA:187,0
DA:188,0
DA:189,0
DA:190,0
DA:193,0
DA:196,0
DA:197,0
DA:198,0
DA:200,0
DA:201,0
DA:202,0
DA:203,0
DA:204,0
DA:205,0
DA:206,0
DA:208,0
DA:211,0
LF:45
LH:0
BRDA:167,0,0,0
BRDA:167,0,1,0
BRDA:171,1,0,0
BRDA:171,1,1,0
BRDA:171,2,0,0
BRDA:171,2,1,0
BRDA:172,3,0,0
BRDA:172,3,1,0
BRDA:188,4,0,0
BRDA:188,4,1,0
BRDA:197,5,0,0
BRDA:197,5,1,0
BRF:12
BRH:0
end_of_record
TN:
SF:/Users/ksenia/code/verto/src/renderer/components/WalletManager/CongratsScreen.vue
FN:22,(anonymous_0)
FN:24,(anonymous_1)
FNF:2
FNH:0
FNDA:0,(anonymous_0)
FNDA:0,(anonymous_1)
DA:16,0
DA:17,0
DA:18,0
DA:19,0
DA:23,0
DA:24,0
DA:25,0
LF:7
LH:0
BRF:0
BRH:0
end_of_record
TN:
SF:/Users/ksenia/code/verto/src/renderer/components/WalletManager/DisplayKey.vue
FN:181,(anonymous_0)
FNF:1
FNH:0
FNDA:0,(anonymous_0)
DA:156,0
DA:176,0
DA:180,0
DA:181,0
DA:182,0
DA:183,0
DA:184,0
DA:188,0
DA:189,0
DA:191,0
DA:192,0
DA:193,0
DA:194,0
DA:195,0
DA:196,0
DA:198,0
DA:199,0
DA:200,0
DA:201,0
DA:202,0
DA:203,0
DA:204,0
DA:205,0
DA:207,0
DA:208,0
DA:211,0
DA:212,0
DA:213,0
DA:214,0
DA:215,0
DA:218,0
DA:219,0
DA:220,0
DA:222,0
DA:223,0
DA:224,0
DA:225,0
DA:226,0
DA:227,0
LF:39
LH:0
BRDA:188,0,0,0
BRDA:188,0,1,0
BRDA:194,1,0,0
BRDA:194,1,1,0
BRDA:213,2,0,0
BRDA:213,2,1,0
BRDA:219,3,0,0
BRDA:219,3,1,0
BRF:8
BRH:0
end_of_record
TN:
SF:/Users/ksenia/code/verto/src/renderer/components/WalletManager/KeepYourKeysSafe.vue
FNF:0
FNH:0
DA:71,0
DA:80,0
DA:81,0
DA:82,0
DA:83,0
DA:84,0
DA:85,0
DA:87,0
DA:92,0
DA:93,0
DA:95,0
DA:97,0
DA:98,0
DA:100,0
LF:14
LH:0
BRDA:80,0,0,0
BRDA:80,0,1,0
BRDA:84,1,0,0
BRDA:84,1,1,0
BRDA:92,2,0,0
BRDA:92,2,1,0
BRDA:97,3,0,0
BRDA:97,3,1,0
BRF:8
BRH:0
end_of_record
TN:
SF:/Users/ksenia/code/verto/src/renderer/components/WalletManager/WalletManager.vue
FN:258,(anonymous_0)
FN:261,(anonymous_1)
FN:264,(anonymous_2)
FN:270,(anonymous_3)
FN:305,(anonymous_4)
FN:309,(anonymous_5)
FN:314,(anonymous_6)
FN:356,(anonymous_7)
FN:359,(anonymous_8)
FNF:9
FNH:0
FNDA:0,(anonymous_0)
FNDA:0,(anonymous_1)
FNDA:0,(anonymous_2)
FNDA:0,(anonymous_3)
FNDA:0,(anonymous_4)
FNDA:0,(anonymous_5)
FNDA:0,(anonymous_6)
FNDA:0,(anonymous_7)
FNDA:0,(anonymous_8)
DA:223,0
DA:252,0
DA:253,0
DA:254,0
DA:259,0
DA:262,0
DA:265,0
DA:266,0
DA:267,0
DA:268,0
DA:271,0
DA:272,0
DA:273,0
DA:274,0
DA:275,0
DA:277,0
DA:278,0
DA:279,0
DA:280,0
DA:281,0
DA:282,0
DA:283,0
DA:284,0
DA:286,0
DA:287,0
DA:290,0
DA:291,0
DA:292,0
DA:293,0
DA:295,0
DA:298,0
DA:299,0
DA:300,0
DA:301,0
DA:302,0
DA:303,0
DA:306,0
DA:307,0
DA:310,0
DA:311,0
DA:312,0
DA:315,0
DA:316,0
DA:317,0
DA:318,0
DA:319,0
DA:320,0
DA:322,0
DA:323,0
DA:324,0
DA:325,0
DA:326,0
DA:327,0
DA:328,0
DA:329,0
DA:331,0
DA:332,0
DA:335,0
DA:336,0
DA:337,0
DA:338,0
DA:339,0
DA:342,0
DA:343,0
DA:344,0
DA:346,0
DA:347,0
DA:348,0
DA:349,0
DA:350,0
DA:351,0
DA:352,0
DA:353,0
DA:354,0
DA:357,0
DA:360,0
DA:363,0
DA:364,0
DA:365,0
DA:366,0
DA:369,0
DA:370,0
DA:371,0
DA:372,0
DA:375,0
DA:376,0
DA:377,0
DA:378,0
DA:379,0
DA:380,0
DA:381,0
DA:382,0
DA:383,0
DA:385,0
DA:386,0
DA:388,0
DA:390,0
DA:391,0
DA:392,0
DA:393,0
DA:396,0
DA:397,0
DA:398,0
DA:399,0
DA:400,0
DA:401,0
DA:402,0
DA:404,0
LF:108
LH:0
BRDA:253,0,0,0
BRDA:253,0,1,0
BRDA:253,1,0,0
BRDA:253,1,1,0
BRDA:273,2,0,0
BRDA:273,2,1,0
BRDA:292,3,0,0
BRDA:292,3,1,0
BRDA:318,4,0,0
BRDA:318,4,1,0
BRDA:318,5,0,0
BRDA:318,5,1,0
BRDA:337,6,0,0
BRDA:337,6,1,0
BRDA:337,7,0,0
BRDA:337,7,1,0
BRDA:343,8,0,0
BRDA:343,8,1,0
BRDA:388,9,0,0
BRDA:388,9,1,0
BRDA:392,10,0,0
BRDA:392,10,1,0
BRF:22
BRH:0
end_of_record
TN:
SF:/Users/ksenia/code/verto/src/renderer/components/Welcome.vue
FN:48,(anonymous_0)
FN:83,(anonymous_1)
FN:118,(anonymous_2)
FNF:3
FNH:0
FNDA:0,(anonymous_0)
FNDA:0,(anonymous_1)
FNDA:0,(anonymous_2)
DA:47,1
DA:48,1
DA:49,0
DA:50,0
DA:51,0
DA:52,0
DA:58,0
DA:70,0
DA:71,0
DA:72,0
DA:73,0
DA:74,0
DA:75,0
DA:77,0
DA:78,0
DA:79,0
DA:84,0
DA:85,0
DA:86,0
DA:87,0
DA:88,0
DA:89,0
DA:90,0
DA:91,0
DA:93,0
DA:94,0
DA:95,0
DA:96,0
DA:97,0
DA:98,0
DA:100,0
DA:101,0
DA:102,0
DA:103,0
DA:104,0
DA:105,0
DA:108,0
DA:109,0
DA:111,0
DA:114,0
DA:119,0
LF:41
LH:2
BRDA:74,0,0,0
BRDA:74,0,1,0
BRDA:77,1,0,0
BRDA:77,1,1,0
BRDA:90,2,0,0
BRDA:90,2,1,0
BRDA:102,3,0,0
BRDA:102,3,1,0
BRDA:108,4,0,0
BRDA:108,4,1,0
BRF:10
BRH:0
end_of_record
TN:
SF:/Users/ksenia/code/verto/src/renderer/components/Whitelist/Whitelist.vue
FN:45,(anonymous_0)
FNF:1
FNH:0
FNDA:0,(anonymous_0)
DA:37,0
DA:46,0
LF:2
LH:0
BRF:0
BRH:0
end_of_record
TN:
SF:/Users/ksenia/code/verto/src/renderer/components/layout/FooterBar.vue
FNF:0
FNH:0
DA:13,1
DA:14,1
DA:16,1
DA:17,1
DA:21,0
LF:5
LH:4
BRF:0
BRH:0
end_of_record
TN:
SF:/Users/ksenia/code/verto/src/renderer/components/layout/NavBar.vue
FN:94,(anonymous_0)
FN:98,(anonymous_1)
FN:101,(anonymous_2)
FN:105,(anonymous_3)
FN:111,(anonymous_4)
FN:117,(anonymous_5)
FN:123,(anonymous_6)
FN:127,(anonymous_7)
FN:131,(anonymous_8)
FN:136,(anonymous_9)
FNF:10
FNH:0
FNDA:0,(anonymous_0)
FNDA:0,(anonymous_1)
FNDA:0,(anonymous_2)
FNDA:0,(anonymous_3)
FNDA:0,(anonymous_4)
FNDA:0,(anonymous_5)
FNDA:0,(anonymous_6)
FNDA:0,(anonymous_7)
FNDA:0,(anonymous_8)
FNDA:0,(anonymous_9)
DA:82,0
DA:95,0
DA:99,0
DA:102,0
DA:103,0
DA:106,0
DA:107,0
DA:108,0
DA:109,0
DA:112,0
DA:113,0
DA:114,0
DA:115,0
DA:118,0
DA:119,0
DA:120,0
DA:121,0
DA:124,0
DA:125,0
DA:128,0
DA:129,0
DA:132,0
DA:133,0
DA:134,0
DA:137,0
DA:138,0
DA:139,0
LF:27
LH:0
BRF:0
BRH:0
end_of_record
TN:
SF:/Users/ksenia/code/verto/src/renderer/components/layout/ParticlesJS.vue
FN:12,(anonymous_0)
FNF:1
FNH:0
FNDA:0,(anonymous_0)
DA:10,0
DA:11,0
DA:12,0
DA:13,0
DA:14,0
DA:21,0
LF:6
LH:0
BRF:0
BRH:0
end_of_record
TN:
SF:/Users/ksenia/code/verto/src/renderer/layouts/BlocktopusFrame.vue
FNF:0
FNH:0
LF:0
LH:0
BRF:0
BRH:0
end_of_record
TN:
SF:/Users/ksenia/code/verto/src/renderer/layouts/Default.vue
FNF:0
FNH:0
LF:0
LH:0
BRF:0
BRH:0
end_of_record
TN:
SF:/Users/ksenia/code/verto/src/renderer/layouts/Login.vue
FNF:0
FNH:0
LF:0
LH:0
BRF:0
BRH:0
end_of_record
TN:
SF:/Users/ksenia/code/verto/src/renderer/layouts/NoSidebar.vue
FNF:0
FNH:0
LF:0
LH:0
BRF:0
BRH:0
end_of_record
TN:
SF:/Users/ksenia/code/verto/src/renderer/plugins/i18n.js
FNF:0
FNH:0
DA:6,1
DA:8,1
LF:2
LH:2
BRF:0
BRH:0
end_of_record
TN:
SF:/Users/ksenia/code/verto/src/renderer/router/index.js
FN:273,(anonymous_0)
FN:274,(anonymous_1)
FNF:2
FNH:0
FNDA:0,(anonymous_0)
FNDA:0,(anonymous_1)
DA:7,1
DA:9,1
DA:273,1
DA:274,0
DA:275,0
DA:276,0
DA:281,0
DA:284,0
LF:8
LH:3
BRDA:274,0,0,0
BRDA:274,0,1,0
BRDA:275,1,0,0
BRDA:275,1,1,0
BRF:4
BRH:0
end_of_record
TN:
SF:/Users/ksenia/code/verto/src/renderer/store/index.js
FNF:0
FNH:0
DA:6,1
DA:20,0
DA:23,0
DA:26,0
DA:29,0
DA:34,0
DA:37,0
DA:40,0
DA:43,0
LF:9
LH:1
BRF:0
BRH:0
end_of_record
TN:
SF:/Users/ksenia/code/verto/src/renderer/store/modules/index.js
FN:9,(anonymous_0)
FNF:1
FNH:1
FNDA:2,(anonymous_0)
DA:6,1
DA:7,1
DA:9,1
DA:10,2
DA:11,1
LF:5
LH:5
BRDA:10,0,0,1
BRDA:10,0,1,1
BRF:2
BRH:2
end_of_record
TN:
SF:/Users/ksenia/code/verto/src/renderer/store/modules/store.js
FNF:0
FNH:0
DA:1,1
DA:3,0
DA:7,1
DA:11,0
LF:4
LH:2
BRF:0
BRH:0
end_of_record
